D:\MARIODOCS\FH\MMR\1.SEMSTER\MODERNE PROGRAMMIERKONZEPTE ILV  MMR-1 VZ (WS2011)\ABGABEN\ZUSATZAUFGABE\WS2011_MPK_ZUSATZAUFGABE_DEMOPROGRAMM\CAMERA_CALIBRATION\DEBUG\CAMERA_CALIBRATION.EXE.EMBED.MANIFEST
D:\MARIODOCS\FH\MMR\1.SEMSTER\MODERNE PROGRAMMIERKONZEPTE ILV  MMR-1 VZ (WS2011)\ABGABEN\ZUSATZAUFGABE\WS2011_MPK_ZUSATZAUFGABE_DEMOPROGRAMM\CAMERA_CALIBRATION\DEBUG\CAMERA_CALIBRATION.EXE.EMBED.MANIFEST.RES
D:\MARIODOCS\FH\MMR\1.SEMSTER\MODERNE PROGRAMMIERKONZEPTE ILV  MMR-1 VZ (WS2011)\ABGABEN\ZUSATZAUFGABE\WS2011_MPK_ZUSATZAUFGABE_DEMOPROGRAMM\CAMERA_CALIBRATION\DEBUG\CAMERA_CALIBRATION.EXE.INTERMEDIATE.MANIFEST
D:\MARIODOCS\FH\MMR\1.SEMSTER\MODERNE PROGRAMMIERKONZEPTE ILV  MMR-1 VZ (WS2011)\ABGABEN\ZUSATZAUFGABE\WS2011_MPK_ZUSATZAUFGABE_DEMOPROGRAMM\CAMERA_CALIBRATION\DEBUG\CAMERA_CALIBRATION.OBJ
D:\mariodocs\FH\mmr\1.Semster\Moderne Programmierkonzepte ILV  MMR-1 VZ (WS2011)\abgaben\Zusatzaufgabe\WS2011_MPK_ZUSATZAUFGABE_DEMOPROGRAMM\camera_calibration\Debug\camera_calibration_manifest.rc
D:\mariodocs\FH\mmr\1.Semster\Moderne Programmierkonzepte ILV  MMR-1 VZ (WS2011)\abgaben\Zusatzaufgabe\WS2011_MPK_ZUSATZAUFGABE_DEMOPROGRAMM\camera_calibration\Debug\cl.command.1.tlog
D:\mariodocs\FH\mmr\1.Semster\Moderne Programmierkonzepte ILV  MMR-1 VZ (WS2011)\abgaben\Zusatzaufgabe\WS2011_MPK_ZUSATZAUFGABE_DEMOPROGRAMM\camera_calibration\Debug\CL.read.1.tlog
D:\mariodocs\FH\mmr\1.Semster\Moderne Programmierkonzepte ILV  MMR-1 VZ (WS2011)\abgaben\Zusatzaufgabe\WS2011_MPK_ZUSATZAUFGABE_DEMOPROGRAMM\camera_calibration\Debug\CL.write.1.tlog
D:\mariodocs\FH\mmr\1.Semster\Moderne Programmierkonzepte ILV  MMR-1 VZ (WS2011)\abgaben\Zusatzaufgabe\WS2011_MPK_ZUSATZAUFGABE_DEMOPROGRAMM\camera_calibration\Debug\link.command.1.tlog
D:\mariodocs\FH\mmr\1.Semster\Moderne Programmierkonzepte ILV  MMR-1 VZ (WS2011)\abgaben\Zusatzaufgabe\WS2011_MPK_ZUSATZAUFGABE_DEMOPROGRAMM\camera_calibration\Debug\link.read.1.tlog
D:\mariodocs\FH\mmr\1.Semster\Moderne Programmierkonzepte ILV  MMR-1 VZ (WS2011)\abgaben\Zusatzaufgabe\WS2011_MPK_ZUSATZAUFGABE_DEMOPROGRAMM\camera_calibration\Debug\link.write.1.tlog
D:\mariodocs\FH\mmr\1.Semster\Moderne Programmierkonzepte ILV  MMR-1 VZ (WS2011)\abgaben\Zusatzaufgabe\WS2011_MPK_ZUSATZAUFGABE_DEMOPROGRAMM\camera_calibration\Debug\link-cvtres.read.1.tlog
D:\mariodocs\FH\mmr\1.Semster\Moderne Programmierkonzepte ILV  MMR-1 VZ (WS2011)\abgaben\Zusatzaufgabe\WS2011_MPK_ZUSATZAUFGABE_DEMOPROGRAMM\camera_calibration\Debug\link-cvtres.write.1.tlog
D:\mariodocs\FH\mmr\1.Semster\Moderne Programmierkonzepte ILV  MMR-1 VZ (WS2011)\abgaben\Zusatzaufgabe\WS2011_MPK_ZUSATZAUFGABE_DEMOPROGRAMM\camera_calibration\Debug\mt.command.1.tlog
D:\mariodocs\FH\mmr\1.Semster\Moderne Programmierkonzepte ILV  MMR-1 VZ (WS2011)\abgaben\Zusatzaufgabe\WS2011_MPK_ZUSATZAUFGABE_DEMOPROGRAMM\camera_calibration\Debug\mt.read.1.tlog
D:\mariodocs\FH\mmr\1.Semster\Moderne Programmierkonzepte ILV  MMR-1 VZ (WS2011)\abgaben\Zusatzaufgabe\WS2011_MPK_ZUSATZAUFGABE_DEMOPROGRAMM\camera_calibration\Debug\mt.write.1.tlog
D:\mariodocs\FH\mmr\1.Semster\Moderne Programmierkonzepte ILV  MMR-1 VZ (WS2011)\abgaben\Zusatzaufgabe\WS2011_MPK_ZUSATZAUFGABE_DEMOPROGRAMM\camera_calibration\Debug\rc.command.1.tlog
D:\mariodocs\FH\mmr\1.Semster\Moderne Programmierkonzepte ILV  MMR-1 VZ (WS2011)\abgaben\Zusatzaufgabe\WS2011_MPK_ZUSATZAUFGABE_DEMOPROGRAMM\camera_calibration\Debug\rc.read.1.tlog
D:\mariodocs\FH\mmr\1.Semster\Moderne Programmierkonzepte ILV  MMR-1 VZ (WS2011)\abgaben\Zusatzaufgabe\WS2011_MPK_ZUSATZAUFGABE_DEMOPROGRAMM\camera_calibration\Debug\rc.write.1.tlog
D:\mariodocs\FH\mmr\1.Semster\Moderne Programmierkonzepte ILV  MMR-1 VZ (WS2011)\abgaben\Zusatzaufgabe\WS2011_MPK_ZUSATZAUFGABE_DEMOPROGRAMM\camera_calibration\Debug\vc100.idb
D:\MARIODOCS\FH\MMR\1.SEMSTER\MODERNE PROGRAMMIERKONZEPTE ILV  MMR-1 VZ (WS2011)\ABGABEN\ZUSATZAUFGABE\WS2011_MPK_ZUSATZAUFGABE_DEMOPROGRAMM\CAMERA_CALIBRATION\DEBUG\VC100.PDB
D:\MARIODOCS\FH\MMR\1.SEMSTER\MODERNE PROGRAMMIERKONZEPTE ILV  MMR-1 VZ (WS2011)\ABGABEN\ZUSATZAUFGABE\WS2011_MPK_ZUSATZAUFGABE_DEMOPROGRAMM\DEBUG\CAMERA_CALIBRATION.EXE
D:\MARIODOCS\FH\MMR\1.SEMSTER\MODERNE PROGRAMMIERKONZEPTE ILV  MMR-1 VZ (WS2011)\ABGABEN\ZUSATZAUFGABE\WS2011_MPK_ZUSATZAUFGABE_DEMOPROGRAMM\DEBUG\CAMERA_CALIBRATION.ILK
D:\MARIODOCS\FH\MMR\1.SEMSTER\MODERNE PROGRAMMIERKONZEPTE ILV  MMR-1 VZ (WS2011)\ABGABEN\ZUSATZAUFGABE\WS2011_MPK_ZUSATZAUFGABE_DEMOPROGRAMM\DEBUG\CAMERA_CALIBRATION.PDB
Z:\LW_M\WORK\MPK\HAUSüBUNG6\CAMERA_CALIBRATION\DEBUG\CAMERA_CALIBRATION.EXE.EMBED.MANIFEST
Z:\LW_M\WORK\MPK\HAUSüBUNG6\CAMERA_CALIBRATION\DEBUG\CAMERA_CALIBRATION.EXE.EMBED.MANIFEST.RES
Z:\LW_M\WORK\MPK\HAUSüBUNG6\CAMERA_CALIBRATION\DEBUG\CAMERA_CALIBRATION.EXE.INTERMEDIATE.MANIFEST
Z:\LW_M\WORK\MPK\HAUSüBUNG6\CAMERA_CALIBRATION\DEBUG\CAMERA_CALIBRATION.OBJ
Z:\LW_M\WORK\MPK\HAUSÜBUNG6\CAMERA_CALIBRATION\DEBUG\VC100.PDB
Z:\LW_M\WORK\MPK\HAUSüBUNG6\DEBUG\CAMERA_CALIBRATION.EXE
Z:\LW_M\WORK\MPK\HAUSüBUNG6\DEBUG\CAMERA_CALIBRATION.ILK
Z:\LW_M\WORK\MPK\HAUSÜBUNG6\DEBUG\CAMERA_CALIBRATION.PDB
