Build started 1/15/2012 6:05:14 PM.
     1>Project "D:\mariodocs\FH\mmr\1.Semster\Moderne Programmierkonzepte ILV  MMR-1 VZ (WS2011)\abgaben\Zusatzaufgabe\WS2011_MPK_ZUSATZAUFGABE_DEMOPROGRAMM\camera_calibration\camera_calibration.vcxproj" on node 2 (rebuild target(s)).
     1>_PrepareForClean:
         Deleting file "Debug\camera_calibration.lastbuildstate".
       InitializeBuildStatus:
         Creating "Debug\camera_calibration.unsuccessfulbuild" because "AlwaysCreate" was specified.
       ClCompile:
         C:\Program Files (x86)\Microsoft Visual Studio 10.0\VC\bin\CL.exe /c /IC:\OpenCV2.1\include\opencv /ZI /nologo /W3 /WX- /Od /Oy- /D WIN32 /D _DEBUG /D _CONSOLE /D _UNICODE /D UNICODE /Gm /EHsc /RTC1 /MDd /GS /fp:precise /Zc:wchar_t /Zc:forScope /Fo"Debug\\" /Fd"Debug\vc100.pdb" /Gd /TP /analyze- /errorReport:prompt camera_calibration.cpp
         camera_calibration.cpp
     1>d:\mariodocs\fh\mmr\1.semster\moderne programmierkonzepte ilv  mmr-1 vz (ws2011)\abgaben\zusatzaufgabe\ws2011_mpk_zusatzaufgabe_demoprogramm\camera_calibration\camera_calibration.cpp(93): warning C4244: '=' : conversion from 'int' to 'float', possible loss of data
     1>d:\mariodocs\fh\mmr\1.semster\moderne programmierkonzepte ilv  mmr-1 vz (ws2011)\abgaben\zusatzaufgabe\ws2011_mpk_zusatzaufgabe_demoprogramm\camera_calibration\camera_calibration.cpp(94): warning C4244: '=' : conversion from 'int' to 'float', possible loss of data
       ManifestResourceCompile:
         C:\Program Files (x86)\Microsoft SDKs\Windows\v7.0A\bin\rc.exe /nologo /fo"Debug\camera_calibration.exe.embed.manifest.res" Debug\camera_calibration_manifest.rc 
       Link:
         C:\Program Files (x86)\Microsoft Visual Studio 10.0\VC\bin\link.exe /ERRORREPORT:PROMPT /OUT:"D:\mariodocs\FH\mmr\1.Semster\Moderne Programmierkonzepte ILV  MMR-1 VZ (WS2011)\abgaben\Zusatzaufgabe\WS2011_MPK_ZUSATZAUFGABE_DEMOPROGRAMM\Debug\camera_calibration.exe" /INCREMENTAL /NOLOGO /LIBPATH:C:\OpenCV2.1\lib cv210.lib cxcore210.lib highgui210.lib cvaux210d.lib ml210d.lib kernel32.lib user32.lib gdi32.lib winspool.lib comdlg32.lib advapi32.lib shell32.lib ole32.lib oleaut32.lib uuid.lib odbc32.lib odbccp32.lib /MANIFEST /ManifestFile:"Debug\camera_calibration.exe.intermediate.manifest" /MANIFESTUAC:"level='asInvoker' uiAccess='false'" /DEBUG /PDB:"D:\mariodocs\FH\mmr\1.Semster\Moderne Programmierkonzepte ILV  MMR-1 VZ (WS2011)\abgaben\Zusatzaufgabe\WS2011_MPK_ZUSATZAUFGABE_DEMOPROGRAMM\Debug\camera_calibration.pdb" /SUBSYSTEM:CONSOLE /TLBID:1 /DYNAMICBASE /NXCOMPAT /IMPLIB:"D:\mariodocs\FH\mmr\1.Semster\Moderne Programmierkonzepte ILV  MMR-1 VZ (WS2011)\abgaben\Zusatzaufgabe\WS2011_MPK_ZUSATZAUFGABE_DEMOPROGRAMM\Debug\camera_calibration.lib" /MACHINE:X86 Debug\camera_calibration.exe.embed.manifest.res
         Debug\camera_calibration.obj
       Manifest:
         Deleting file "Debug\camera_calibration.exe.embed.manifest".
         C:\Program Files (x86)\Microsoft SDKs\Windows\v7.0A\bin\mt.exe /nologo /verbose /out:"Debug\camera_calibration.exe.embed.manifest" /manifest Debug\camera_calibration.exe.intermediate.manifest
         C:\Program Files (x86)\Microsoft SDKs\Windows\v7.0A\bin\rc.exe /nologo /fo"Debug\camera_calibration.exe.embed.manifest.res" Debug\camera_calibration_manifest.rc 
       LinkEmbedManifest:
         C:\Program Files (x86)\Microsoft Visual Studio 10.0\VC\bin\link.exe /ERRORREPORT:PROMPT /OUT:"D:\mariodocs\FH\mmr\1.Semster\Moderne Programmierkonzepte ILV  MMR-1 VZ (WS2011)\abgaben\Zusatzaufgabe\WS2011_MPK_ZUSATZAUFGABE_DEMOPROGRAMM\Debug\camera_calibration.exe" /INCREMENTAL /NOLOGO /LIBPATH:C:\OpenCV2.1\lib cv210.lib cxcore210.lib highgui210.lib cvaux210d.lib ml210d.lib kernel32.lib user32.lib gdi32.lib winspool.lib comdlg32.lib advapi32.lib shell32.lib ole32.lib oleaut32.lib uuid.lib odbc32.lib odbccp32.lib /MANIFEST /ManifestFile:"Debug\camera_calibration.exe.intermediate.manifest" /MANIFESTUAC:"level='asInvoker' uiAccess='false'" /DEBUG /PDB:"D:\mariodocs\FH\mmr\1.Semster\Moderne Programmierkonzepte ILV  MMR-1 VZ (WS2011)\abgaben\Zusatzaufgabe\WS2011_MPK_ZUSATZAUFGABE_DEMOPROGRAMM\Debug\camera_calibration.pdb" /SUBSYSTEM:CONSOLE /TLBID:1 /DYNAMICBASE /NXCOMPAT /IMPLIB:"D:\mariodocs\FH\mmr\1.Semster\Moderne Programmierkonzepte ILV  MMR-1 VZ (WS2011)\abgaben\Zusatzaufgabe\WS2011_MPK_ZUSATZAUFGABE_DEMOPROGRAMM\Debug\camera_calibration.lib" /MACHINE:X86 Debug\camera_calibration.exe.embed.manifest.res
         Debug\camera_calibration.obj
         camera_calibration.vcxproj -> D:\mariodocs\FH\mmr\1.Semster\Moderne Programmierkonzepte ILV  MMR-1 VZ (WS2011)\abgaben\Zusatzaufgabe\WS2011_MPK_ZUSATZAUFGABE_DEMOPROGRAMM\Debug\camera_calibration.exe
       FinalizeBuildStatus:
         Deleting file "Debug\camera_calibration.unsuccessfulbuild".
         Touching "Debug\camera_calibration.lastbuildstate".
     1>Done Building Project "D:\mariodocs\FH\mmr\1.Semster\Moderne Programmierkonzepte ILV  MMR-1 VZ (WS2011)\abgaben\Zusatzaufgabe\WS2011_MPK_ZUSATZAUFGABE_DEMOPROGRAMM\camera_calibration\camera_calibration.vcxproj" (rebuild target(s)).

Build succeeded.

Time Elapsed 00:00:03.31
