Build started 1/15/2012 7:40:46 PM.
     1>Project "D:\mariodocs\FH\mmr\1.Semster\Moderne Programmierkonzepte ILV  MMR-1 VZ (WS2011)\abgaben\Zusatzaufgabe\WS2011_MPK_ZUSATZAUFGABE\camera_calibration\camera_calibration.vcxproj" on node 2 (build target(s)).
     1>InitializeBuildStatus:
         Creating "Release\camera_calibration.unsuccessfulbuild" because "AlwaysCreate" was specified.
       ClCompile:
         C:\Program Files (x86)\Microsoft Visual Studio 10.0\VC\bin\CL.exe /c /IC:\OpenCV2.1\include\opencv /Zi /nologo /W3 /WX- /O2 /Oi /Oy- /GL /D WIN32 /D NDEBUG /D _CONSOLE /D _UNICODE /D UNICODE /Gm- /EHsc /MD /GS /Gy /fp:precise /Zc:wchar_t /Zc:forScope /Fo"Release\\" /Fd"Release\vc100.pdb" /Gd /TP /analyze- /errorReport:prompt TestCalibrateCamera.cpp
         TestCalibrateCamera.cpp
       Link:
         C:\Program Files (x86)\Microsoft Visual Studio 10.0\VC\bin\link.exe /ERRORREPORT:PROMPT /OUT:"D:\mariodocs\FH\mmr\1.Semster\Moderne Programmierkonzepte ILV  MMR-1 VZ (WS2011)\abgaben\Zusatzaufgabe\WS2011_MPK_ZUSATZAUFGABE\Release\camera_calibration.exe" /INCREMENTAL:NO /NOLOGO /LIBPATH:C:\OpenCV2.1\lib /LIBPATH:C:\OpenCV2.1\bin C:\OpenCV2.1\lib\cv210d.lib cxcore210d.lib highgui210d.lib cvaux210d.lib ml210d.lib cv210.lib cxcore210.lib highgui210.lib kernel32.lib user32.lib gdi32.lib winspool.lib comdlg32.lib advapi32.lib shell32.lib ole32.lib oleaut32.lib uuid.lib odbc32.lib odbccp32.lib /MANIFEST /ManifestFile:"Release\camera_calibration.exe.intermediate.manifest" /MANIFESTUAC:"level='asInvoker' uiAccess='false'" /DEBUG /PDB:"D:\mariodocs\FH\mmr\1.Semster\Moderne Programmierkonzepte ILV  MMR-1 VZ (WS2011)\abgaben\Zusatzaufgabe\WS2011_MPK_ZUSATZAUFGABE\Release\camera_calibration.pdb" /SUBSYSTEM:CONSOLE /OPT:REF /OPT:ICF /LTCG /TLBID:1 /DYNAMICBASE /NXCOMPAT /IMPLIB:"D:\mariodocs\FH\mmr\1.Semster\Moderne Programmierkonzepte ILV  MMR-1 VZ (WS2011)\abgaben\Zusatzaufgabe\WS2011_MPK_ZUSATZAUFGABE\Release\camera_calibration.lib" /MACHINE:X86 Release\CalibrateCamera.obj
         Release\TestCalibrateCamera.obj
         Generating code
     1>d:\mariodocs\fh\mmr\1.semster\moderne programmierkonzepte ilv  mmr-1 vz (ws2011)\abgaben\zusatzaufgabe\ws2011_mpk_zusatzaufgabe\camera_calibration\calibratecamera.cpp(142): warning C4715: 'CalibrateCamera::calibrateCamera' : not all control paths return a value
         Finished generating code
         camera_calibration.vcxproj -> D:\mariodocs\FH\mmr\1.Semster\Moderne Programmierkonzepte ILV  MMR-1 VZ (WS2011)\abgaben\Zusatzaufgabe\WS2011_MPK_ZUSATZAUFGABE\Release\camera_calibration.exe
       Manifest:
         C:\Program Files (x86)\Microsoft SDKs\Windows\v7.0A\bin\mt.exe /nologo /verbose /outputresource:"D:\mariodocs\FH\mmr\1.Semster\Moderne Programmierkonzepte ILV  MMR-1 VZ (WS2011)\abgaben\Zusatzaufgabe\WS2011_MPK_ZUSATZAUFGABE\Release\camera_calibration.exe;#1" /manifest Release\camera_calibration.exe.intermediate.manifest
       FinalizeBuildStatus:
         Deleting file "Release\camera_calibration.unsuccessfulbuild".
         Touching "Release\camera_calibration.lastbuildstate".
     1>Done Building Project "D:\mariodocs\FH\mmr\1.Semster\Moderne Programmierkonzepte ILV  MMR-1 VZ (WS2011)\abgaben\Zusatzaufgabe\WS2011_MPK_ZUSATZAUFGABE\camera_calibration\camera_calibration.vcxproj" (build target(s)).

Build succeeded.

Time Elapsed 00:00:02.12
